<?xml version="1.0" encoding="UTF-8"?>
<!-- Generated by org.testng.reporters.JUnitReportReporter -->
<testsuite skipped="0" hostname="lclmaclai008.clublabs.com" name="runner.SingleRunnerForAllFeatures" tests="5" failures="0" timestamp="29 Apr 2019 18:33:22 GMT" time="64.733" errors="0">
  <testcase name="runScenario" time="15.201" classname="runner.SingleRunnerForAllFeatures"/>
  <testcase name="runScenario" time="11.082" classname="runner.SingleRunnerForAllFeatures"/>
  <testcase name="runScenario" time="12.683" classname="runner.SingleRunnerForAllFeatures"/>
  <testcase name="runScenario" time="12.445" classname="runner.SingleRunnerForAllFeatures"/>
  <testcase name="runScenario" time="13.322" classname="runner.SingleRunnerForAllFeatures"/>
</testsuite> <!-- runner.SingleRunnerForAllFeatures -->
