<?xml version="1.0" encoding="UTF-8"?>
<!-- Generated by org.testng.reporters.JUnitReportReporter -->
<testsuite skipped="0" hostname="lclmaclai008.clublabs.com" name="runner.SingleRunnerForAllFeatures" tests="4" failures="0" timestamp="22 Apr 2019 15:23:33 GMT" time="265.250" errors="0">
  <testcase name="runScenario" time="65.676" classname="runner.SingleRunnerForAllFeatures"/>
  <testcase name="runScenario" time="66.583" classname="runner.SingleRunnerForAllFeatures"/>
  <testcase name="runScenario" time="66.549" classname="runner.SingleRunnerForAllFeatures"/>
  <testcase name="runScenario" time="66.442" classname="runner.SingleRunnerForAllFeatures"/>
</testsuite> <!-- runner.SingleRunnerForAllFeatures -->
