<?xml version="1.0" encoding="UTF-8"?>
<!-- Generated by org.testng.reporters.JUnitReportReporter -->
<testsuite skipped="0" hostname="lclmaclai008.clublabs.com" name="runner.SingleRunnerForAllFeatures" tests="4" failures="0" timestamp="23 Apr 2019 16:13:27 GMT" time="31.489" errors="0">
  <testcase name="runScenario" time="7.851" classname="runner.SingleRunnerForAllFeatures"/>
  <testcase name="runScenario" time="8.808" classname="runner.SingleRunnerForAllFeatures"/>
  <testcase name="runScenario" time="7.566" classname="runner.SingleRunnerForAllFeatures"/>
  <testcase name="runScenario" time="7.264" classname="runner.SingleRunnerForAllFeatures"/>
</testsuite> <!-- runner.SingleRunnerForAllFeatures -->
