<?xml version="1.0" encoding="UTF-8"?>
<!-- Generated by org.testng.reporters.JUnitReportReporter -->
<testsuite skipped="0" hostname="lclmaclai008.clublabs.com" name="runner.SingleRunnerForAllFeatures" tests="5" failures="0" timestamp="30 Apr 2019 20:09:20 GMT" time="43.189" errors="0">
  <testcase name="runScenario" time="8.638" classname="runner.SingleRunnerForAllFeatures"/>
  <testcase name="runScenario" time="8.984" classname="runner.SingleRunnerForAllFeatures"/>
  <testcase name="runScenario" time="8.378" classname="runner.SingleRunnerForAllFeatures"/>
  <testcase name="runScenario" time="8.762" classname="runner.SingleRunnerForAllFeatures"/>
  <testcase name="runScenario" time="8.427" classname="runner.SingleRunnerForAllFeatures"/>
</testsuite> <!-- runner.SingleRunnerForAllFeatures -->
